<?xml version="1.0" encoding="UTF-8"?>
<coverage generated="1647388558993" clover="3.2.0">
  <project timestamp="1647388558994" name="All files">
    <metrics statements="59" coveredstatements="46" conditionals="20" coveredconditionals="20" methods="16" coveredmethods="9" elements="95" coveredelements="75" complexity="0" loc="59" ncloc="59" packages="2" files="6" classes="6"/>
    <package name="server">
      <metrics statements="47" coveredstatements="39" conditionals="20" coveredconditionals="20" methods="9" coveredmethods="5"/>
      <file name="config.js" path="C:\Users\gusta\OneDrive\Área de Trabalho\node\erick_wendel\spotify\spotify-copia\server\config.js">
        <metrics statements="6" coveredstatements="6" conditionals="2" coveredconditionals="2" methods="0" coveredmethods="0"/>
        <line num="5" count="1" type="stmt"/>
        <line num="6" count="1" type="stmt"/>
        <line num="8" count="1" type="stmt"/>
        <line num="9" count="1" type="stmt"/>
        <line num="10" count="1" type="stmt"/>
        <line num="12" count="1" type="stmt"/>
      </file>
      <file name="controller.js" path="C:\Users\gusta\OneDrive\Área de Trabalho\node\erick_wendel\spotify\spotify-copia\server\controller.js">
        <metrics statements="2" coveredstatements="1" conditionals="0" coveredconditionals="0" methods="2" coveredmethods="1"/>
        <line num="7" count="1" type="stmt"/>
        <line num="11" count="0" type="stmt"/>
      </file>
      <file name="routes.js" path="C:\Users\gusta\OneDrive\Área de Trabalho\node\erick_wendel\spotify\spotify-copia\server\routes.js">
        <metrics statements="29" coveredstatements="29" conditionals="18" coveredconditionals="18" methods="4" coveredmethods="4"/>
        <line num="14" count="1" type="stmt"/>
        <line num="16" count="1" type="stmt"/>
        <line num="20" count="8" type="stmt"/>
        <line num="22" count="8" type="cond" truecount="4" falsecount="0"/>
        <line num="23" count="1" type="stmt"/>
        <line num="27" count="1" type="stmt"/>
        <line num="30" count="7" type="cond" truecount="4" falsecount="0"/>
        <line num="34" count="1" type="stmt"/>
        <line num="41" count="1" type="stmt"/>
        <line num="44" count="6" type="cond" truecount="4" falsecount="0"/>
        <line num="48" count="1" type="stmt"/>
        <line num="50" count="1" type="stmt"/>
        <line num="53" count="5" type="cond" truecount="2" falsecount="0"/>
        <line num="57" count="4" type="stmt"/>
        <line num="59" count="2" type="stmt"/>
        <line num="60" count="2" type="cond" truecount="2" falsecount="0"/>
        <line num="61" count="1" type="stmt"/>
        <line num="66" count="2" type="stmt"/>
        <line num="69" count="1" type="stmt"/>
        <line num="70" count="1" type="stmt"/>
        <line num="74" count="2" type="cond" truecount="2" falsecount="0"/>
        <line num="75" count="1" type="stmt"/>
        <line num="76" count="1" type="stmt"/>
        <line num="78" count="1" type="stmt"/>
        <line num="81" count="1" type="stmt"/>
        <line num="83" count="1" type="stmt"/>
        <line num="84" count="1" type="stmt"/>
        <line num="88" count="8" type="stmt"/>
        <line num="89" count="2" type="stmt"/>
      </file>
      <file name="service.js" path="C:\Users\gusta\OneDrive\Área de Trabalho\node\erick_wendel\spotify\spotify-copia\server\service.js">
        <metrics statements="8" coveredstatements="1" conditionals="0" coveredconditionals="0" methods="3" coveredmethods="0"/>
        <line num="10" count="1" type="stmt"/>
        <line num="19" count="0" type="stmt"/>
        <line num="21" count="0" type="stmt"/>
        <line num="29" count="0" type="stmt"/>
        <line num="32" count="0" type="stmt"/>
        <line num="33" count="0" type="stmt"/>
        <line num="35" count="0" type="stmt"/>
        <line num="42" count="0" type="stmt"/>
      </file>
      <file name="util.js" path="C:\Users\gusta\OneDrive\Área de Trabalho\node\erick_wendel\spotify\spotify-copia\server\util.js">
        <metrics statements="2" coveredstatements="2" conditionals="0" coveredconditionals="0" methods="0" coveredmethods="0"/>
        <line num="3" count="1" type="stmt"/>
        <line num="13" count="1" type="stmt"/>
      </file>
    </package>
    <package name="tests.unit._util">
      <metrics statements="12" coveredstatements="7" conditionals="0" coveredconditionals="0" methods="7" coveredmethods="4"/>
      <file name="testUtil.js" path="C:\Users\gusta\OneDrive\Área de Trabalho\node\erick_wendel\spotify\spotify-copia\tests\unit\_util\testUtil.js">
        <metrics statements="12" coveredstatements="7" conditionals="0" coveredconditionals="0" methods="7" coveredmethods="4"/>
        <line num="7" count="12" type="stmt"/>
        <line num="9" count="0" type="stmt"/>
        <line num="10" count="0" type="stmt"/>
        <line num="13" count="0" type="stmt"/>
        <line num="19" count="8" type="stmt"/>
        <line num="21" count="0" type="stmt"/>
        <line num="22" count="0" type="stmt"/>
        <line num="28" count="8" type="stmt"/>
        <line num="29" count="8" type="stmt"/>
        <line num="31" count="8" type="stmt"/>
        <line num="43" count="8" type="stmt"/>
        <line num="44" count="8" type="stmt"/>
      </file>
    </package>
  </project>
</coverage>
