{"/spotify-radio/server/config.js": {"path":"/spotify-radio/server/config.js","statementMap":{"0":{"start":{"line":5,"column":19},"end":{"line":5,"column":58}},"1":{"start":{"line":6,"column":13},"end":{"line":6,"column":36}},"2":{"start":{"line":8,"column":23},"end":{"line":8,"column":42}},"3":{"start":{"line":9,"column":20},"end":{"line":9,"column":46}},"4":{"start":{"line":10,"column":23},"end":{"line":10,"column":52}},"5":{"start":{"line":12,"column":24},"end":{"line":12,"column":44}}},"fnMap":{},"branchMap":{"0":{"loc":{"start":{"line":15,"column":10},"end":{"line":15,"column":34}},"type":"binary-expr","locations":[{"start":{"line":15,"column":10},"end":{"line":15,"column":26}},{"start":{"line":15,"column":30},"end":{"line":15,"column":34}}],"line":15}},"s":{"0":1,"1":1,"2":1,"3":1,"4":1,"5":1},"f":{},"b":{"0":[1,1]},"_coverageSchema":"1a1c01bbd47fc00a2c39e90264f33305004495a9","hash":"befda7acaee71430b2b8d24b12ff6af0618a23d7"}
,"/spotify-radio/server/controller.js": {"path":"/spotify-radio/server/controller.js","statementMap":{"0":{"start":{"line":8,"column":8},"end":{"line":8,"column":36}},"1":{"start":{"line":12,"column":8},"end":{"line":12,"column":52}},"2":{"start":{"line":16,"column":8},"end":{"line":16,"column":52}},"3":{"start":{"line":17,"column":23},"end":{"line":19,"column":9}},"4":{"start":{"line":21,"column":20},"end":{"line":21,"column":41}},"5":{"start":{"line":22,"column":8},"end":{"line":25,"column":9}},"6":{"start":{"line":23,"column":12},"end":{"line":23,"column":43}},"7":{"start":{"line":24,"column":12},"end":{"line":24,"column":26}},"8":{"start":{"line":27,"column":8},"end":{"line":30,"column":9}},"9":{"start":{"line":28,"column":12},"end":{"line":28,"column":42}},"10":{"start":{"line":29,"column":12},"end":{"line":29,"column":26}},"11":{"start":{"line":38,"column":12},"end":{"line":38,"column":45}},"12":{"start":{"line":40,"column":24},"end":{"line":43,"column":9}},"13":{"start":{"line":41,"column":12},"end":{"line":41,"column":55}},"14":{"start":{"line":42,"column":12},"end":{"line":42,"column":48}},"15":{"start":{"line":45,"column":8},"end":{"line":48,"column":10}}},"fnMap":{"0":{"name":"(anonymous_0)","decl":{"start":{"line":7,"column":4},"end":{"line":7,"column":5}},"loc":{"start":{"line":7,"column":17},"end":{"line":9,"column":5}},"line":7},"1":{"name":"(anonymous_1)","decl":{"start":{"line":11,"column":4},"end":{"line":11,"column":5}},"loc":{"start":{"line":11,"column":33},"end":{"line":13,"column":5}},"line":11},"2":{"name":"(anonymous_2)","decl":{"start":{"line":15,"column":4},"end":{"line":15,"column":5}},"loc":{"start":{"line":15,"column":37},"end":{"line":32,"column":5}},"line":15},"3":{"name":"(anonymous_3)","decl":{"start":{"line":34,"column":4},"end":{"line":34,"column":5}},"loc":{"start":{"line":34,"column":25},"end":{"line":49,"column":5}},"line":34},"4":{"name":"(anonymous_4)","decl":{"start":{"line":40,"column":24},"end":{"line":40,"column":25}},"loc":{"start":{"line":40,"column":30},"end":{"line":43,"column":9}},"line":40}},"branchMap":{"0":{"loc":{"start":{"line":22,"column":8},"end":{"line":25,"column":9}},"type":"if","locations":[{"start":{"line":22,"column":8},"end":{"line":25,"column":9}},{"start":{},"end":{}}],"line":22},"1":{"loc":{"start":{"line":27,"column":8},"end":{"line":30,"column":9}},"type":"if","locations":[{"start":{"line":27,"column":8},"end":{"line":30,"column":9}},{"start":{},"end":{}}],"line":27}},"s":{"0":1,"1":0,"2":0,"3":0,"4":0,"5":0,"6":0,"7":0,"8":0,"9":0,"10":0,"11":0,"12":0,"13":0,"14":0,"15":0},"f":{"0":1,"1":0,"2":0,"3":0,"4":0},"b":{"0":[0,0],"1":[0,0]},"_coverageSchema":"1a1c01bbd47fc00a2c39e90264f33305004495a9","hash":"a53478801dbb5e2d04cd001155633a61c8730f01"}
,"/spotify-radio/server/routes.js": {"path":"/spotify-radio/server/routes.js","statementMap":{"0":{"start":{"line":15,"column":4},"end":{"line":15,"column":10}},"1":{"start":{"line":17,"column":19},"end":{"line":17,"column":35}},"2":{"start":{"line":21,"column":28},"end":{"line":21,"column":35}},"3":{"start":{"line":23,"column":4},"end":{"line":23,"column":21}},"4":{"start":{"line":25,"column":4},"end":{"line":31,"column":5}},"5":{"start":{"line":26,"column":8},"end":{"line":28,"column":11}},"6":{"start":{"line":30,"column":8},"end":{"line":30,"column":30}},"7":{"start":{"line":33,"column":4},"end":{"line":45,"column":5}},"8":{"start":{"line":37,"column":12},"end":{"line":37,"column":52}},"9":{"start":{"line":44,"column":8},"end":{"line":44,"column":37}},"10":{"start":{"line":47,"column":4},"end":{"line":54,"column":5}},"11":{"start":{"line":51,"column":12},"end":{"line":51,"column":58}},"12":{"start":{"line":53,"column":8},"end":{"line":53,"column":37}},"13":{"start":{"line":56,"column":4},"end":{"line":68,"column":5}},"14":{"start":{"line":60,"column":12},"end":{"line":60,"column":43}},"15":{"start":{"line":61,"column":8},"end":{"line":61,"column":39}},"16":{"start":{"line":62,"column":8},"end":{"line":65,"column":11}},"17":{"start":{"line":67,"column":8},"end":{"line":67,"column":37}},"18":{"start":{"line":70,"column":4},"end":{"line":77,"column":5}},"19":{"start":{"line":71,"column":21},"end":{"line":71,"column":48}},"20":{"start":{"line":72,"column":21},"end":{"line":72,"column":37}},"21":{"start":{"line":74,"column":23},"end":{"line":74,"column":59}},"22":{"start":{"line":76,"column":8},"end":{"line":76,"column":52}},"23":{"start":{"line":79,"column":4},"end":{"line":93,"column":5}},"24":{"start":{"line":83,"column":12},"end":{"line":83,"column":47}},"25":{"start":{"line":85,"column":28},"end":{"line":85,"column":46}},"26":{"start":{"line":86,"column":8},"end":{"line":90,"column":9}},"27":{"start":{"line":87,"column":12},"end":{"line":89,"column":15}},"28":{"start":{"line":92,"column":8},"end":{"line":92,"column":37}},"29":{"start":{"line":95,"column":4},"end":{"line":95,"column":28}},"30":{"start":{"line":96,"column":4},"end":{"line":96,"column":26}},"31":{"start":{"line":100,"column":4},"end":{"line":105,"column":5}},"32":{"start":{"line":101,"column":8},"end":{"line":101,"column":54}},"33":{"start":{"line":102,"column":8},"end":{"line":102,"column":32}},"34":{"start":{"line":104,"column":8},"end":{"line":104,"column":30}},"35":{"start":{"line":107,"column":4},"end":{"line":107,"column":55}},"36":{"start":{"line":109,"column":4},"end":{"line":109,"column":28}},"37":{"start":{"line":110,"column":4},"end":{"line":110,"column":26}},"38":{"start":{"line":114,"column":4},"end":{"line":115,"column":50}},"39":{"start":{"line":115,"column":20},"end":{"line":115,"column":48}}},"fnMap":{"0":{"name":"routes","decl":{"start":{"line":19,"column":15},"end":{"line":19,"column":21}},"loc":{"start":{"line":19,"column":40},"end":{"line":97,"column":1}},"line":19},"1":{"name":"handleError","decl":{"start":{"line":99,"column":9},"end":{"line":99,"column":20}},"loc":{"start":{"line":99,"column":38},"end":{"line":111,"column":1}},"line":99},"2":{"name":"handler","decl":{"start":{"line":113,"column":16},"end":{"line":113,"column":23}},"loc":{"start":{"line":113,"column":43},"end":{"line":116,"column":1}},"line":113},"3":{"name":"(anonymous_3)","decl":{"start":{"line":115,"column":11},"end":{"line":115,"column":12}},"loc":{"start":{"line":115,"column":20},"end":{"line":115,"column":48}},"line":115}},"branchMap":{"0":{"loc":{"start":{"line":25,"column":4},"end":{"line":31,"column":5}},"type":"if","locations":[{"start":{"line":25,"column":4},"end":{"line":31,"column":5}},{"start":{},"end":{}}],"line":25},"1":{"loc":{"start":{"line":25,"column":7},"end":{"line":25,"column":38}},"type":"binary-expr","locations":[{"start":{"line":25,"column":7},"end":{"line":25,"column":23}},{"start":{"line":25,"column":27},"end":{"line":25,"column":38}}],"line":25},"2":{"loc":{"start":{"line":33,"column":4},"end":{"line":45,"column":5}},"type":"if","locations":[{"start":{"line":33,"column":4},"end":{"line":45,"column":5}},{"start":{},"end":{}}],"line":33},"3":{"loc":{"start":{"line":33,"column":7},"end":{"line":33,"column":42}},"type":"binary-expr","locations":[{"start":{"line":33,"column":7},"end":{"line":33,"column":23}},{"start":{"line":33,"column":27},"end":{"line":33,"column":42}}],"line":33},"4":{"loc":{"start":{"line":47,"column":4},"end":{"line":54,"column":5}},"type":"if","locations":[{"start":{"line":47,"column":4},"end":{"line":54,"column":5}},{"start":{},"end":{}}],"line":47},"5":{"loc":{"start":{"line":47,"column":7},"end":{"line":47,"column":48}},"type":"binary-expr","locations":[{"start":{"line":47,"column":7},"end":{"line":47,"column":23}},{"start":{"line":47,"column":27},"end":{"line":47,"column":48}}],"line":47},"6":{"loc":{"start":{"line":56,"column":4},"end":{"line":68,"column":5}},"type":"if","locations":[{"start":{"line":56,"column":4},"end":{"line":68,"column":5}},{"start":{},"end":{}}],"line":56},"7":{"loc":{"start":{"line":56,"column":8},"end":{"line":56,"column":51}},"type":"binary-expr","locations":[{"start":{"line":56,"column":8},"end":{"line":56,"column":24}},{"start":{"line":56,"column":28},"end":{"line":56,"column":51}}],"line":56},"8":{"loc":{"start":{"line":70,"column":4},"end":{"line":77,"column":5}},"type":"if","locations":[{"start":{"line":70,"column":4},"end":{"line":77,"column":5}},{"start":{},"end":{}}],"line":70},"9":{"loc":{"start":{"line":70,"column":7},"end":{"line":70,"column":49}},"type":"binary-expr","locations":[{"start":{"line":70,"column":7},"end":{"line":70,"column":24}},{"start":{"line":70,"column":28},"end":{"line":70,"column":49}}],"line":70},"10":{"loc":{"start":{"line":79,"column":4},"end":{"line":93,"column":5}},"type":"if","locations":[{"start":{"line":79,"column":4},"end":{"line":93,"column":5}},{"start":{},"end":{}}],"line":79},"11":{"loc":{"start":{"line":86,"column":8},"end":{"line":90,"column":9}},"type":"if","locations":[{"start":{"line":86,"column":8},"end":{"line":90,"column":9}},{"start":{},"end":{}}],"line":86},"12":{"loc":{"start":{"line":100,"column":4},"end":{"line":105,"column":5}},"type":"if","locations":[{"start":{"line":100,"column":4},"end":{"line":105,"column":5}},{"start":{},"end":{}}],"line":100}},"s":{"0":1,"1":1,"2":8,"3":8,"4":8,"5":1,"6":1,"7":7,"8":1,"9":1,"10":6,"11":1,"12":1,"13":5,"14":0,"15":0,"16":0,"17":0,"18":5,"19":0,"20":0,"21":0,"22":0,"23":5,"24":4,"25":2,"26":2,"27":1,"28":2,"29":1,"30":1,"31":2,"32":1,"33":1,"34":1,"35":1,"36":1,"37":1,"38":8,"39":2},"f":{"0":8,"1":2,"2":8,"3":2},"b":{"0":[1,7],"1":[8,7],"2":[1,6],"3":[7,6],"4":[1,5],"5":[6,5],"6":[0,5],"7":[5,4],"8":[0,5],"9":[5,1],"10":[4,1],"11":[1,1],"12":[1,1]},"_coverageSchema":"1a1c01bbd47fc00a2c39e90264f33305004495a9","hash":"72d5e8b5df6a641a4a7aef0883e50c3c864f9018"}
,"/spotify-radio/server/service.js": {"path":"/spotify-radio/server/service.js","statementMap":{"0":{"start":{"line":27,"column":4},"end":{"line":27,"column":10}},"1":{"start":{"line":32,"column":8},"end":{"line":32,"column":39}},"2":{"start":{"line":33,"column":8},"end":{"line":33,"column":47}},"3":{"start":{"line":34,"column":8},"end":{"line":34,"column":32}},"4":{"start":{"line":35,"column":8},"end":{"line":35,"column":36}},"5":{"start":{"line":36,"column":8},"end":{"line":36,"column":34}},"6":{"start":{"line":40,"column":19},"end":{"line":40,"column":31}},"7":{"start":{"line":41,"column":29},"end":{"line":41,"column":46}},"8":{"start":{"line":42,"column":8},"end":{"line":42,"column":49}},"9":{"start":{"line":44,"column":8},"end":{"line":47,"column":10}},"10":{"start":{"line":51,"column":8},"end":{"line":51,"column":38}},"11":{"start":{"line":55,"column":8},"end":{"line":55,"column":47}},"12":{"start":{"line":59,"column":8},"end":{"line":90,"column":9}},"13":{"start":{"line":60,"column":25},"end":{"line":64,"column":13}},"14":{"start":{"line":70,"column":16},"end":{"line":70,"column":45}},"15":{"start":{"line":72,"column":12},"end":{"line":75,"column":15}},"16":{"start":{"line":77,"column":37},"end":{"line":77,"column":82}},"17":{"start":{"line":77,"column":68},"end":{"line":77,"column":81}},"18":{"start":{"line":78,"column":12},"end":{"line":80,"column":13}},"19":{"start":{"line":79,"column":16},"end":{"line":79,"column":51}},"20":{"start":{"line":82,"column":12},"end":{"line":85,"column":37}},"21":{"start":{"line":88,"column":12},"end":{"line":88,"column":55}},"22":{"start":{"line":89,"column":12},"end":{"line":89,"column":35}},"23":{"start":{"line":94,"column":8},"end":{"line":108,"column":10}},"24":{"start":{"line":96,"column":16},"end":{"line":104,"column":17}},"25":{"start":{"line":98,"column":20},"end":{"line":101,"column":21}},"26":{"start":{"line":99,"column":24},"end":{"line":99,"column":54}},"27":{"start":{"line":100,"column":24},"end":{"line":100,"column":33}},"28":{"start":{"line":103,"column":20},"end":{"line":103,"column":40}},"29":{"start":{"line":106,"column":16},"end":{"line":106,"column":21}},"30":{"start":{"line":112,"column":8},"end":{"line":112,"column":57}},"31":{"start":{"line":113,"column":24},"end":{"line":113,"column":104}},"32":{"start":{"line":115,"column":34},"end":{"line":115,"column":80}},"33":{"start":{"line":116,"column":29},"end":{"line":116,"column":91}},"34":{"start":{"line":118,"column":8},"end":{"line":122,"column":10}},"35":{"start":{"line":126,"column":8},"end":{"line":126,"column":40}},"36":{"start":{"line":134,"column":12},"end":{"line":134,"column":40}},"37":{"start":{"line":136,"column":8},"end":{"line":139,"column":9}},"38":{"start":{"line":144,"column":29},"end":{"line":144,"column":56}},"39":{"start":{"line":147,"column":8},"end":{"line":147,"column":46}},"40":{"start":{"line":148,"column":25},"end":{"line":148,"column":46}},"41":{"start":{"line":150,"column":8},"end":{"line":153,"column":9}},"42":{"start":{"line":157,"column":8},"end":{"line":157,"column":45}}},"fnMap":{"0":{"name":"(anonymous_0)","decl":{"start":{"line":31,"column":4},"end":{"line":31,"column":5}},"loc":{"start":{"line":31,"column":18},"end":{"line":37,"column":5}},"line":31},"1":{"name":"(anonymous_1)","decl":{"start":{"line":39,"column":4},"end":{"line":39,"column":5}},"loc":{"start":{"line":39,"column":25},"end":{"line":48,"column":5}},"line":39},"2":{"name":"(anonymous_2)","decl":{"start":{"line":50,"column":4},"end":{"line":50,"column":5}},"loc":{"start":{"line":50,"column":27},"end":{"line":52,"column":5}},"line":50},"3":{"name":"(anonymous_3)","decl":{"start":{"line":54,"column":4},"end":{"line":54,"column":5}},"loc":{"start":{"line":54,"column":29},"end":{"line":56,"column":5}},"line":54},"4":{"name":"(anonymous_4)","decl":{"start":{"line":58,"column":4},"end":{"line":58,"column":5}},"loc":{"start":{"line":58,"column":27},"end":{"line":91,"column":5}},"line":58},"5":{"name":"(anonymous_5)","decl":{"start":{"line":77,"column":58},"end":{"line":77,"column":59}},"loc":{"start":{"line":77,"column":68},"end":{"line":77,"column":81}},"line":77},"6":{"name":"(anonymous_6)","decl":{"start":{"line":93,"column":4},"end":{"line":93,"column":5}},"loc":{"start":{"line":93,"column":16},"end":{"line":109,"column":5}},"line":93},"7":{"name":"(anonymous_7)","decl":{"start":{"line":95,"column":19},"end":{"line":95,"column":20}},"loc":{"start":{"line":95,"column":39},"end":{"line":107,"column":13}},"line":95},"8":{"name":"(anonymous_8)","decl":{"start":{"line":111,"column":4},"end":{"line":111,"column":5}},"loc":{"start":{"line":111,"column":28},"end":{"line":123,"column":5}},"line":111},"9":{"name":"(anonymous_9)","decl":{"start":{"line":125,"column":4},"end":{"line":125,"column":5}},"loc":{"start":{"line":125,"column":21},"end":{"line":127,"column":5}},"line":125},"10":{"name":"(anonymous_10)","decl":{"start":{"line":129,"column":4},"end":{"line":129,"column":5}},"loc":{"start":{"line":129,"column":30},"end":{"line":140,"column":5}},"line":129},"11":{"name":"(anonymous_11)","decl":{"start":{"line":142,"column":4},"end":{"line":142,"column":5}},"loc":{"start":{"line":142,"column":28},"end":{"line":154,"column":5}},"line":142},"12":{"name":"(anonymous_12)","decl":{"start":{"line":156,"column":4},"end":{"line":156,"column":5}},"loc":{"start":{"line":156,"column":31},"end":{"line":158,"column":5}},"line":156}},"branchMap":{"0":{"loc":{"start":{"line":78,"column":12},"end":{"line":80,"column":13}},"type":"if","locations":[{"start":{"line":78,"column":12},"end":{"line":80,"column":13}},{"start":{},"end":{}}],"line":78},"1":{"loc":{"start":{"line":98,"column":20},"end":{"line":101,"column":21}},"type":"if","locations":[{"start":{"line":98,"column":20},"end":{"line":101,"column":21}},{"start":{},"end":{}}],"line":98}},"s":{"0":1,"1":1,"2":1,"3":1,"4":1,"5":1,"6":0,"7":0,"8":0,"9":0,"10":0,"11":0,"12":0,"13":0,"14":0,"15":0,"16":0,"17":0,"18":0,"19":0,"20":0,"21":0,"22":0,"23":0,"24":0,"25":0,"26":0,"27":0,"28":0,"29":0,"30":0,"31":0,"32":0,"33":0,"34":0,"35":0,"36":0,"37":0,"38":0,"39":0,"40":0,"41":0,"42":0},"f":{"0":1,"1":0,"2":0,"3":0,"4":0,"5":0,"6":0,"7":0,"8":0,"9":0,"10":0,"11":0,"12":0},"b":{"0":[0,0],"1":[0,0]},"_coverageSchema":"1a1c01bbd47fc00a2c39e90264f33305004495a9","hash":"abbb2108a16285b16079cdf830d6e92c44925cac"}
,"/spotify-radio/server/util.js": {"path":"/spotify-radio/server/util.js","statementMap":{"0":{"start":{"line":3,"column":12},"end":{"line":11,"column":2}},"1":{"start":{"line":13,"column":22},"end":{"line":13,"column":25}}},"fnMap":{},"branchMap":{},"s":{"0":1,"1":1},"f":{},"b":{},"_coverageSchema":"1a1c01bbd47fc00a2c39e90264f33305004495a9","hash":"8046f063b8b4a8f1672901a70cfb329eeaacd776"}
,"/spotify-radio/tests/unit/_util/testUtil.js": {"path":"/spotify-radio/tests/unit/_util/testUtil.js","statementMap":{"0":{"start":{"line":7,"column":8},"end":{"line":15,"column":11}},"1":{"start":{"line":9,"column":16},"end":{"line":11,"column":17}},"2":{"start":{"line":10,"column":20},"end":{"line":10,"column":36}},"3":{"start":{"line":13,"column":16},"end":{"line":13,"column":32}},"4":{"start":{"line":19,"column":8},"end":{"line":24,"column":11}},"5":{"start":{"line":21,"column":16},"end":{"line":21,"column":31}},"6":{"start":{"line":22,"column":16},"end":{"line":22,"column":39}},"7":{"start":{"line":28,"column":30},"end":{"line":28,"column":85}},"8":{"start":{"line":29,"column":25},"end":{"line":29,"column":67}},"9":{"start":{"line":31,"column":21},"end":{"line":41,"column":9}},"10":{"start":{"line":43,"column":8},"end":{"line":46,"column":9}},"11":{"start":{"line":44,"column":26},"end":{"line":44,"column":45}}},"fnMap":{"0":{"name":"(anonymous_0)","decl":{"start":{"line":6,"column":4},"end":{"line":6,"column":5}},"loc":{"start":{"line":6,"column":40},"end":{"line":16,"column":5}},"line":6},"1":{"name":"(anonymous_1)","decl":{"start":{"line":8,"column":12},"end":{"line":8,"column":13}},"loc":{"start":{"line":8,"column":19},"end":{"line":14,"column":13}},"line":8},"2":{"name":"(anonymous_2)","decl":{"start":{"line":18,"column":4},"end":{"line":18,"column":5}},"loc":{"start":{"line":18,"column":43},"end":{"line":25,"column":5}},"line":18},"3":{"name":"(anonymous_3)","decl":{"start":{"line":20,"column":12},"end":{"line":20,"column":13}},"loc":{"start":{"line":20,"column":41},"end":{"line":23,"column":13}},"line":20},"4":{"name":"(anonymous_4)","decl":{"start":{"line":27,"column":4},"end":{"line":27,"column":5}},"loc":{"start":{"line":27,"column":33},"end":{"line":47,"column":5}},"line":27},"5":{"name":"(anonymous_5)","decl":{"start":{"line":29,"column":58},"end":{"line":29,"column":59}},"loc":{"start":{"line":29,"column":64},"end":{"line":29,"column":66}},"line":29},"6":{"name":"(anonymous_6)","decl":{"start":{"line":44,"column":20},"end":{"line":44,"column":21}},"loc":{"start":{"line":44,"column":26},"end":{"line":44,"column":45}},"line":44}},"branchMap":{},"s":{"0":12,"1":0,"2":0,"3":0,"4":8,"5":0,"6":0,"7":8,"8":8,"9":8,"10":8,"11":8},"f":{"0":12,"1":0,"2":8,"3":0,"4":8,"5":0,"6":8},"b":{},"_coverageSchema":"1a1c01bbd47fc00a2c39e90264f33305004495a9","hash":"d8f8e9cc1ac39ebc07f0b7d773d6278cb6c52fbb"}
}
