{"C:\\Users\\gusta\\OneDrive\\Área de Trabalho\\node\\erick_wendel\\spotify\\semanajsexpert-spotify-template\\server\\config.js": {"path":"C:\\Users\\gusta\\OneDrive\\Área de Trabalho\\node\\erick_wendel\\spotify\\semanajsexpert-spotify-template\\server\\config.js","statementMap":{"0":{"start":{"line":5,"column":19},"end":{"line":5,"column":58}},"1":{"start":{"line":6,"column":13},"end":{"line":6,"column":36}},"2":{"start":{"line":8,"column":23},"end":{"line":8,"column":42}},"3":{"start":{"line":9,"column":20},"end":{"line":9,"column":46}},"4":{"start":{"line":10,"column":23},"end":{"line":10,"column":52}},"5":{"start":{"line":12,"column":24},"end":{"line":12,"column":44}}},"fnMap":{},"branchMap":{"0":{"loc":{"start":{"line":15,"column":10},"end":{"line":15,"column":34}},"type":"binary-expr","locations":[{"start":{"line":15,"column":10},"end":{"line":15,"column":26}},{"start":{"line":15,"column":30},"end":{"line":15,"column":34}}],"line":15}},"s":{"0":1,"1":1,"2":1,"3":1,"4":1,"5":1},"f":{},"b":{"0":[1,1]},"_coverageSchema":"1a1c01bbd47fc00a2c39e90264f33305004495a9","hash":"32caa389e270ca195e12bf0eef38b3ee89189f85"}
,"C:\\Users\\gusta\\OneDrive\\Área de Trabalho\\node\\erick_wendel\\spotify\\semanajsexpert-spotify-template\\server\\controller.js": {"path":"C:\\Users\\gusta\\OneDrive\\Área de Trabalho\\node\\erick_wendel\\spotify\\semanajsexpert-spotify-template\\server\\controller.js","statementMap":{"0":{"start":{"line":7,"column":8},"end":{"line":7,"column":36}},"1":{"start":{"line":11,"column":8},"end":{"line":11,"column":52}}},"fnMap":{"0":{"name":"(anonymous_0)","decl":{"start":{"line":6,"column":4},"end":{"line":6,"column":5}},"loc":{"start":{"line":6,"column":17},"end":{"line":8,"column":5}},"line":6},"1":{"name":"(anonymous_1)","decl":{"start":{"line":10,"column":4},"end":{"line":10,"column":5}},"loc":{"start":{"line":10,"column":33},"end":{"line":12,"column":5}},"line":10}},"branchMap":{},"s":{"0":1,"1":0},"f":{"0":1,"1":0},"b":{},"_coverageSchema":"1a1c01bbd47fc00a2c39e90264f33305004495a9","hash":"1786b86226fa3a2ad406459a12c578780c67e958"}
,"C:\\Users\\gusta\\OneDrive\\Área de Trabalho\\node\\erick_wendel\\spotify\\semanajsexpert-spotify-template\\server\\routes.js": {"path":"C:\\Users\\gusta\\OneDrive\\Área de Trabalho\\node\\erick_wendel\\spotify\\semanajsexpert-spotify-template\\server\\routes.js","statementMap":{"0":{"start":{"line":14,"column":4},"end":{"line":14,"column":10}},"1":{"start":{"line":16,"column":19},"end":{"line":16,"column":35}},"2":{"start":{"line":20,"column":28},"end":{"line":20,"column":35}},"3":{"start":{"line":22,"column":4},"end":{"line":28,"column":5}},"4":{"start":{"line":23,"column":8},"end":{"line":25,"column":11}},"5":{"start":{"line":27,"column":8},"end":{"line":27,"column":30}},"6":{"start":{"line":30,"column":4},"end":{"line":42,"column":5}},"7":{"start":{"line":34,"column":12},"end":{"line":34,"column":52}},"8":{"start":{"line":41,"column":8},"end":{"line":41,"column":37}},"9":{"start":{"line":44,"column":4},"end":{"line":51,"column":5}},"10":{"start":{"line":48,"column":12},"end":{"line":48,"column":58}},"11":{"start":{"line":50,"column":8},"end":{"line":50,"column":37}},"12":{"start":{"line":53,"column":4},"end":{"line":67,"column":5}},"13":{"start":{"line":57,"column":12},"end":{"line":57,"column":47}},"14":{"start":{"line":59,"column":28},"end":{"line":59,"column":46}},"15":{"start":{"line":60,"column":8},"end":{"line":64,"column":9}},"16":{"start":{"line":61,"column":12},"end":{"line":63,"column":15}},"17":{"start":{"line":66,"column":8},"end":{"line":66,"column":37}},"18":{"start":{"line":69,"column":4},"end":{"line":69,"column":28}},"19":{"start":{"line":70,"column":4},"end":{"line":70,"column":26}},"20":{"start":{"line":74,"column":4},"end":{"line":79,"column":5}},"21":{"start":{"line":75,"column":8},"end":{"line":75,"column":54}},"22":{"start":{"line":76,"column":8},"end":{"line":76,"column":32}},"23":{"start":{"line":78,"column":8},"end":{"line":78,"column":30}},"24":{"start":{"line":81,"column":4},"end":{"line":81,"column":55}},"25":{"start":{"line":85,"column":4},"end":{"line":86,"column":50}},"26":{"start":{"line":86,"column":20},"end":{"line":86,"column":48}}},"fnMap":{"0":{"name":"routes","decl":{"start":{"line":18,"column":15},"end":{"line":18,"column":21}},"loc":{"start":{"line":18,"column":40},"end":{"line":71,"column":1}},"line":18},"1":{"name":"handleError","decl":{"start":{"line":73,"column":9},"end":{"line":73,"column":20}},"loc":{"start":{"line":73,"column":38},"end":{"line":82,"column":1}},"line":73},"2":{"name":"handler","decl":{"start":{"line":84,"column":16},"end":{"line":84,"column":23}},"loc":{"start":{"line":84,"column":43},"end":{"line":87,"column":1}},"line":84},"3":{"name":"(anonymous_3)","decl":{"start":{"line":86,"column":11},"end":{"line":86,"column":12}},"loc":{"start":{"line":86,"column":20},"end":{"line":86,"column":48}},"line":86}},"branchMap":{"0":{"loc":{"start":{"line":22,"column":4},"end":{"line":28,"column":5}},"type":"if","locations":[{"start":{"line":22,"column":4},"end":{"line":28,"column":5}},{"start":{},"end":{}}],"line":22},"1":{"loc":{"start":{"line":22,"column":7},"end":{"line":22,"column":38}},"type":"binary-expr","locations":[{"start":{"line":22,"column":7},"end":{"line":22,"column":23}},{"start":{"line":22,"column":27},"end":{"line":22,"column":38}}],"line":22},"2":{"loc":{"start":{"line":30,"column":4},"end":{"line":42,"column":5}},"type":"if","locations":[{"start":{"line":30,"column":4},"end":{"line":42,"column":5}},{"start":{},"end":{}}],"line":30},"3":{"loc":{"start":{"line":30,"column":7},"end":{"line":30,"column":42}},"type":"binary-expr","locations":[{"start":{"line":30,"column":7},"end":{"line":30,"column":23}},{"start":{"line":30,"column":27},"end":{"line":30,"column":42}}],"line":30},"4":{"loc":{"start":{"line":44,"column":4},"end":{"line":51,"column":5}},"type":"if","locations":[{"start":{"line":44,"column":4},"end":{"line":51,"column":5}},{"start":{},"end":{}}],"line":44},"5":{"loc":{"start":{"line":44,"column":7},"end":{"line":44,"column":48}},"type":"binary-expr","locations":[{"start":{"line":44,"column":7},"end":{"line":44,"column":23}},{"start":{"line":44,"column":27},"end":{"line":44,"column":48}}],"line":44},"6":{"loc":{"start":{"line":53,"column":4},"end":{"line":67,"column":5}},"type":"if","locations":[{"start":{"line":53,"column":4},"end":{"line":67,"column":5}},{"start":{},"end":{}}],"line":53},"7":{"loc":{"start":{"line":60,"column":8},"end":{"line":64,"column":9}},"type":"if","locations":[{"start":{"line":60,"column":8},"end":{"line":64,"column":9}},{"start":{},"end":{}}],"line":60},"8":{"loc":{"start":{"line":74,"column":4},"end":{"line":79,"column":5}},"type":"if","locations":[{"start":{"line":74,"column":4},"end":{"line":79,"column":5}},{"start":{},"end":{}}],"line":74}},"s":{"0":1,"1":1,"2":3,"3":3,"4":1,"5":1,"6":2,"7":1,"8":1,"9":1,"10":1,"11":1,"12":0,"13":0,"14":0,"15":0,"16":0,"17":0,"18":0,"19":0,"20":0,"21":0,"22":0,"23":0,"24":0,"25":3,"26":0},"f":{"0":3,"1":0,"2":3,"3":0},"b":{"0":[1,2],"1":[3,3],"2":[1,1],"3":[2,2],"4":[1,0],"5":[1,1],"6":[0,0],"7":[0,0],"8":[0,0]},"_coverageSchema":"1a1c01bbd47fc00a2c39e90264f33305004495a9","hash":"6a881771391846fc2f861ebaea9c02b247c00b1a"}
,"C:\\Users\\gusta\\OneDrive\\Área de Trabalho\\node\\erick_wendel\\spotify\\semanajsexpert-spotify-template\\server\\service.js": {"path":"C:\\Users\\gusta\\OneDrive\\Área de Trabalho\\node\\erick_wendel\\spotify\\semanajsexpert-spotify-template\\server\\service.js","statementMap":{"0":{"start":{"line":10,"column":4},"end":{"line":10,"column":10}},"1":{"start":{"line":19,"column":12},"end":{"line":19,"column":40}},"2":{"start":{"line":21,"column":8},"end":{"line":24,"column":9}},"3":{"start":{"line":29,"column":29},"end":{"line":29,"column":56}},"4":{"start":{"line":32,"column":8},"end":{"line":32,"column":46}},"5":{"start":{"line":33,"column":25},"end":{"line":33,"column":46}},"6":{"start":{"line":35,"column":8},"end":{"line":38,"column":9}},"7":{"start":{"line":42,"column":8},"end":{"line":42,"column":45}}},"fnMap":{"0":{"name":"(anonymous_0)","decl":{"start":{"line":14,"column":4},"end":{"line":14,"column":5}},"loc":{"start":{"line":14,"column":30},"end":{"line":25,"column":5}},"line":14},"1":{"name":"(anonymous_1)","decl":{"start":{"line":27,"column":4},"end":{"line":27,"column":5}},"loc":{"start":{"line":27,"column":28},"end":{"line":39,"column":5}},"line":27},"2":{"name":"(anonymous_2)","decl":{"start":{"line":41,"column":4},"end":{"line":41,"column":5}},"loc":{"start":{"line":41,"column":31},"end":{"line":43,"column":5}},"line":41}},"branchMap":{},"s":{"0":1,"1":0,"2":0,"3":0,"4":0,"5":0,"6":0,"7":0},"f":{"0":0,"1":0,"2":0},"b":{},"_coverageSchema":"1a1c01bbd47fc00a2c39e90264f33305004495a9","hash":"881ae3b25be675496ca7348f5bff0c118e4f0a1c"}
,"C:\\Users\\gusta\\OneDrive\\Área de Trabalho\\node\\erick_wendel\\spotify\\semanajsexpert-spotify-template\\server\\util.js": {"path":"C:\\Users\\gusta\\OneDrive\\Área de Trabalho\\node\\erick_wendel\\spotify\\semanajsexpert-spotify-template\\server\\util.js","statementMap":{"0":{"start":{"line":3,"column":12},"end":{"line":11,"column":2}},"1":{"start":{"line":13,"column":22},"end":{"line":13,"column":25}}},"fnMap":{},"branchMap":{},"s":{"0":1,"1":1},"f":{},"b":{},"_coverageSchema":"1a1c01bbd47fc00a2c39e90264f33305004495a9","hash":"749d0bd7eab99a8d9981843c8af4bf302b9e65a9"}
,"C:\\Users\\gusta\\OneDrive\\Área de Trabalho\\node\\erick_wendel\\spotify\\semanajsexpert-spotify-template\\tests\\unit\\_util\\testUtil.js": {"path":"C:\\Users\\gusta\\OneDrive\\Área de Trabalho\\node\\erick_wendel\\spotify\\semanajsexpert-spotify-template\\tests\\unit\\_util\\testUtil.js","statementMap":{"0":{"start":{"line":7,"column":8},"end":{"line":15,"column":11}},"1":{"start":{"line":9,"column":16},"end":{"line":11,"column":17}},"2":{"start":{"line":10,"column":20},"end":{"line":10,"column":36}},"3":{"start":{"line":13,"column":16},"end":{"line":13,"column":32}},"4":{"start":{"line":19,"column":8},"end":{"line":24,"column":11}},"5":{"start":{"line":21,"column":16},"end":{"line":21,"column":31}},"6":{"start":{"line":22,"column":16},"end":{"line":22,"column":39}},"7":{"start":{"line":28,"column":30},"end":{"line":28,"column":85}},"8":{"start":{"line":29,"column":25},"end":{"line":29,"column":67}},"9":{"start":{"line":31,"column":21},"end":{"line":41,"column":9}},"10":{"start":{"line":43,"column":8},"end":{"line":46,"column":9}},"11":{"start":{"line":44,"column":26},"end":{"line":44,"column":45}}},"fnMap":{"0":{"name":"(anonymous_0)","decl":{"start":{"line":6,"column":4},"end":{"line":6,"column":5}},"loc":{"start":{"line":6,"column":40},"end":{"line":16,"column":5}},"line":6},"1":{"name":"(anonymous_1)","decl":{"start":{"line":8,"column":12},"end":{"line":8,"column":13}},"loc":{"start":{"line":8,"column":19},"end":{"line":14,"column":13}},"line":8},"2":{"name":"(anonymous_2)","decl":{"start":{"line":18,"column":4},"end":{"line":18,"column":5}},"loc":{"start":{"line":18,"column":43},"end":{"line":25,"column":5}},"line":18},"3":{"name":"(anonymous_3)","decl":{"start":{"line":20,"column":12},"end":{"line":20,"column":13}},"loc":{"start":{"line":20,"column":41},"end":{"line":23,"column":13}},"line":20},"4":{"name":"(anonymous_4)","decl":{"start":{"line":27,"column":4},"end":{"line":27,"column":5}},"loc":{"start":{"line":27,"column":33},"end":{"line":47,"column":5}},"line":27},"5":{"name":"(anonymous_5)","decl":{"start":{"line":29,"column":58},"end":{"line":29,"column":59}},"loc":{"start":{"line":29,"column":64},"end":{"line":29,"column":66}},"line":29},"6":{"name":"(anonymous_6)","decl":{"start":{"line":44,"column":20},"end":{"line":44,"column":21}},"loc":{"start":{"line":44,"column":26},"end":{"line":44,"column":45}},"line":44}},"branchMap":{},"s":{"0":5,"1":0,"2":0,"3":0,"4":3,"5":0,"6":0,"7":3,"8":3,"9":3,"10":3,"11":3},"f":{"0":5,"1":0,"2":3,"3":0,"4":3,"5":0,"6":3},"b":{},"_coverageSchema":"1a1c01bbd47fc00a2c39e90264f33305004495a9","hash":"63e727cfd2530b732aad2ef00f19e63dc28f66b6"}
}
