TN:
SF:server/config.js
FNF:0
FNH:0
DA:5,1
DA:6,1
DA:8,1
DA:9,1
DA:10,1
DA:12,1
LF:6
LH:6
BRDA:15,0,0,1
BRDA:15,0,1,1
BRF:2
BRH:2
end_of_record
TN:
SF:server/controller.js
FN:7,(anonymous_0)
FN:11,(anonymous_1)
FN:15,(anonymous_2)
FN:34,(anonymous_3)
FN:40,(anonymous_4)
FNF:5
FNH:1
FNDA:1,(anonymous_0)
FNDA:0,(anonymous_1)
FNDA:0,(anonymous_2)
FNDA:0,(anonymous_3)
FNDA:0,(anonymous_4)
DA:8,1
DA:12,0
DA:16,0
DA:17,0
DA:21,0
DA:22,0
DA:23,0
DA:24,0
DA:27,0
DA:28,0
DA:29,0
DA:38,0
DA:40,0
DA:41,0
DA:42,0
DA:45,0
LF:16
LH:1
BRDA:22,0,0,0
BRDA:22,0,1,0
BRDA:27,1,0,0
BRDA:27,1,1,0
BRF:4
BRH:0
end_of_record
TN:
SF:server/routes.js
FN:19,routes
FN:99,handleError
FN:113,handler
FN:115,(anonymous_3)
FNF:4
FNH:4
FNDA:8,routes
FNDA:2,handleError
FNDA:8,handler
FNDA:2,(anonymous_3)
DA:15,1
DA:17,1
DA:21,8
DA:23,8
DA:25,8
DA:26,1
DA:30,1
DA:33,7
DA:37,1
DA:44,1
DA:47,6
DA:51,1
DA:53,1
DA:56,5
DA:60,0
DA:61,0
DA:62,0
DA:67,0
DA:70,5
DA:71,0
DA:72,0
DA:74,0
DA:76,0
DA:79,5
DA:83,4
DA:85,2
DA:86,2
DA:87,1
DA:92,2
DA:95,1
DA:96,1
DA:100,2
DA:101,1
DA:102,1
DA:104,1
DA:107,1
DA:109,1
DA:110,1
DA:114,8
DA:115,2
LF:40
LH:32
BRDA:25,0,0,1
BRDA:25,0,1,7
BRDA:25,1,0,8
BRDA:25,1,1,7
BRDA:33,2,0,1
BRDA:33,2,1,6
BRDA:33,3,0,7
BRDA:33,3,1,6
BRDA:47,4,0,1
BRDA:47,4,1,5
BRDA:47,5,0,6
BRDA:47,5,1,5
BRDA:56,6,0,0
BRDA:56,6,1,5
BRDA:56,7,0,5
BRDA:56,7,1,4
BRDA:70,8,0,0
BRDA:70,8,1,5
BRDA:70,9,0,5
BRDA:70,9,1,1
BRDA:79,10,0,4
BRDA:79,10,1,1
BRDA:86,11,0,1
BRDA:86,11,1,1
BRDA:100,12,0,1
BRDA:100,12,1,1
BRF:26
BRH:24
end_of_record
TN:
SF:server/service.js
FN:31,(anonymous_0)
FN:39,(anonymous_1)
FN:50,(anonymous_2)
FN:54,(anonymous_3)
FN:58,(anonymous_4)
FN:77,(anonymous_5)
FN:93,(anonymous_6)
FN:95,(anonymous_7)
FN:111,(anonymous_8)
FN:125,(anonymous_9)
FN:129,(anonymous_10)
FN:142,(anonymous_11)
FN:156,(anonymous_12)
FNF:13
FNH:1
FNDA:1,(anonymous_0)
FNDA:0,(anonymous_1)
FNDA:0,(anonymous_2)
FNDA:0,(anonymous_3)
FNDA:0,(anonymous_4)
FNDA:0,(anonymous_5)
FNDA:0,(anonymous_6)
FNDA:0,(anonymous_7)
FNDA:0,(anonymous_8)
FNDA:0,(anonymous_9)
FNDA:0,(anonymous_10)
FNDA:0,(anonymous_11)
FNDA:0,(anonymous_12)
DA:27,1
DA:32,1
DA:33,1
DA:34,1
DA:35,1
DA:36,1
DA:40,0
DA:41,0
DA:42,0
DA:44,0
DA:51,0
DA:55,0
DA:59,0
DA:60,0
DA:70,0
DA:72,0
DA:77,0
DA:78,0
DA:79,0
DA:82,0
DA:88,0
DA:89,0
DA:94,0
DA:96,0
DA:98,0
DA:99,0
DA:100,0
DA:103,0
DA:106,0
DA:112,0
DA:113,0
DA:115,0
DA:116,0
DA:118,0
DA:126,0
DA:134,0
DA:136,0
DA:144,0
DA:147,0
DA:148,0
DA:150,0
DA:157,0
LF:42
LH:6
BRDA:78,0,0,0
BRDA:78,0,1,0
BRDA:98,1,0,0
BRDA:98,1,1,0
BRF:4
BRH:0
end_of_record
TN:
SF:server/util.js
FNF:0
FNH:0
DA:3,1
DA:13,1
LF:2
LH:2
BRF:0
BRH:0
end_of_record
TN:
SF:tests/unit/_util/testUtil.js
FN:6,(anonymous_0)
FN:8,(anonymous_1)
FN:18,(anonymous_2)
FN:20,(anonymous_3)
FN:27,(anonymous_4)
FN:29,(anonymous_5)
FN:44,(anonymous_6)
FNF:7
FNH:4
FNDA:12,(anonymous_0)
FNDA:0,(anonymous_1)
FNDA:8,(anonymous_2)
FNDA:0,(anonymous_3)
FNDA:8,(anonymous_4)
FNDA:0,(anonymous_5)
FNDA:8,(anonymous_6)
DA:7,12
DA:9,0
DA:10,0
DA:13,0
DA:19,8
DA:21,0
DA:22,0
DA:28,8
DA:29,8
DA:31,8
DA:43,8
DA:44,8
LF:12
LH:7
BRF:0
BRH:0
end_of_record
