TN:
SF:server\config.js
FNF:0
FNH:0
DA:5,1
DA:6,1
DA:8,1
DA:9,1
DA:10,1
DA:12,1
LF:6
LH:6
BRDA:15,0,0,1
BRDA:15,0,1,1
BRF:2
BRH:2
end_of_record
TN:
SF:server\controller.js
FN:6,(anonymous_0)
FN:10,(anonymous_1)
FNF:2
FNH:1
FNDA:1,(anonymous_0)
FNDA:0,(anonymous_1)
DA:7,1
DA:11,0
LF:2
LH:1
BRF:0
BRH:0
end_of_record
TN:
SF:server\routes.js
FN:18,routes
FN:73,handleError
FN:84,handler
FN:86,(anonymous_3)
FNF:4
FNH:2
FNDA:3,routes
FNDA:0,handleError
FNDA:3,handler
FNDA:0,(anonymous_3)
DA:14,1
DA:16,1
DA:20,3
DA:22,3
DA:23,1
DA:27,1
DA:30,2
DA:34,1
DA:41,1
DA:44,1
DA:48,1
DA:50,1
DA:53,0
DA:57,0
DA:59,0
DA:60,0
DA:61,0
DA:66,0
DA:69,0
DA:70,0
DA:74,0
DA:75,0
DA:76,0
DA:78,0
DA:81,0
DA:85,3
DA:86,0
LF:27
LH:13
BRDA:22,0,0,1
BRDA:22,0,1,2
BRDA:22,1,0,3
BRDA:22,1,1,3
BRDA:30,2,0,1
BRDA:30,2,1,1
BRDA:30,3,0,2
BRDA:30,3,1,2
BRDA:44,4,0,1
BRDA:44,4,1,0
BRDA:44,5,0,1
BRDA:44,5,1,1
BRDA:53,6,0,0
BRDA:53,6,1,0
BRDA:60,7,0,0
BRDA:60,7,1,0
BRDA:74,8,0,0
BRDA:74,8,1,0
BRF:18
BRH:11
end_of_record
TN:
SF:server\service.js
FN:14,(anonymous_0)
FN:27,(anonymous_1)
FN:41,(anonymous_2)
FNF:3
FNH:0
FNDA:0,(anonymous_0)
FNDA:0,(anonymous_1)
FNDA:0,(anonymous_2)
DA:10,1
DA:19,0
DA:21,0
DA:29,0
DA:32,0
DA:33,0
DA:35,0
DA:42,0
LF:8
LH:1
BRF:0
BRH:0
end_of_record
TN:
SF:server\util.js
FNF:0
FNH:0
DA:3,1
DA:13,1
LF:2
LH:2
BRF:0
BRH:0
end_of_record
TN:
SF:tests\unit\_util\testUtil.js
FN:6,(anonymous_0)
FN:8,(anonymous_1)
FN:18,(anonymous_2)
FN:20,(anonymous_3)
FN:27,(anonymous_4)
FN:29,(anonymous_5)
FN:44,(anonymous_6)
FNF:7
FNH:4
FNDA:5,(anonymous_0)
FNDA:0,(anonymous_1)
FNDA:3,(anonymous_2)
FNDA:0,(anonymous_3)
FNDA:3,(anonymous_4)
FNDA:0,(anonymous_5)
FNDA:3,(anonymous_6)
DA:7,5
DA:9,0
DA:10,0
DA:13,0
DA:19,3
DA:21,0
DA:22,0
DA:28,3
DA:29,3
DA:31,3
DA:43,3
DA:44,3
LF:12
LH:7
BRF:0
BRH:0
end_of_record
